[2015-07-18 17:39:28] myapp.INFO: Matched route "POST_auth". {"route_parameters":{"_controller":"[object] (Closure: {})","_route":"POST_auth"},"request_uri":"http://localhost:8080/auth"} []
[2015-07-18 17:39:28] myapp.INFO: > POST /auth [] []
[2015-07-18 17:39:28] myapp.INFO: < 200 [] []
[2015-07-18 17:39:46] myapp.INFO: Matched route "POST_auth". {"route_parameters":{"_controller":"[object] (Closure: {})","_route":"POST_auth"},"request_uri":"http://localhost:8080/auth"} []
[2015-07-18 17:39:46] myapp.INFO: > POST /auth [] []
[2015-07-18 17:39:47] myapp.INFO: < 200 [] []
[2015-07-18 17:39:51] myapp.INFO: Matched route "POST_auth". {"route_parameters":{"_controller":"[object] (Closure: {})","_route":"POST_auth"},"request_uri":"http://localhost:8080/auth"} []
[2015-07-18 17:39:51] myapp.INFO: > POST /auth [] []
[2015-07-18 17:39:52] myapp.INFO: < 401 [] []
[2015-07-18 17:39:57] myapp.INFO: Matched route "POST_auth". {"route_parameters":{"_controller":"[object] (Closure: {})","_route":"POST_auth"},"request_uri":"http://localhost:8080/auth"} []
[2015-07-18 17:39:57] myapp.INFO: > POST /auth [] []
[2015-07-18 17:39:57] myapp.INFO: < 200 [] []
[2015-07-19 20:31:09] myapp.INFO: Matched route "POST_auth". {"route_parameters":{"_controller":"[object] (Closure: {})","_route":"POST_auth"},"request_uri":"http://localhost:8080/auth"} []
[2015-07-19 20:31:09] myapp.INFO: > POST /auth [] []
[2015-07-19 20:31:09] myapp.CRITICAL: Doctrine\DBAL\Exception\ConnectionException: An exception occured in driver: SQLSTATE[28000] [1045] Access denied for user 'mobile'@'localhost' (using password: YES) (uncaught exception) at /home/sasik/Projects/Money/Children/vendor/doctrine/dbal/lib/Doctrine/DBAL/Driver/AbstractMySQLDriver.php line 103 {"exception":"[object] (Doctrine\\DBAL\\Exception\\ConnectionException(code: 0): An exception occured in driver: SQLSTATE[28000] [1045] Access denied for user 'mobile'@'localhost' (using password: YES) at /home/sasik/Projects/Money/Children/vendor/doctrine/dbal/lib/Doctrine/DBAL/Driver/AbstractMySQLDriver.php:103, Doctrine\\DBAL\\Driver\\PDOException(code: 1045): SQLSTATE[28000] [1045] Access denied for user 'mobile'@'localhost' (using password: YES) at /home/sasik/Projects/Money/Children/vendor/doctrine/dbal/lib/Doctrine/DBAL/Driver/PDOConnection.php:47, PDOException(code: 1045): SQLSTATE[28000] [1045] Access denied for user 'mobile'@'localhost' (using password: YES) at /home/sasik/Projects/Money/Children/vendor/doctrine/dbal/lib/Doctrine/DBAL/Driver/PDOConnection.php:43)"} []
[2015-07-19 20:31:09] myapp.INFO: < 500 [] []
[2015-07-19 20:32:43] myapp.INFO: Matched route "POST_auth". {"route_parameters":{"_controller":"[object] (Closure: {})","_route":"POST_auth"},"request_uri":"http://localhost:8080/auth"} []
[2015-07-19 20:32:43] myapp.INFO: > POST /auth [] []
[2015-07-19 20:32:43] myapp.INFO: < 200 [] []
[2015-07-19 20:32:51] myapp.INFO: Matched route "POST_add_event". {"route_parameters":{"_controller":"[object] (Closure: {})","_route":"POST_add_event"},"request_uri":"http://localhost:8080/add-event"} []
[2015-07-19 20:32:51] myapp.INFO: > POST /add-event [] []
[2015-07-19 20:32:52] myapp.INFO: < 200 [] []
